{
  message: 'Some error occurred while retrieving order items',
  details: error: syntax error at or near "."
      at Parser.parseErrorMessage (C:\Users\Admin\Desktop\masongit\mason-api\node_modules\pg-protocol\dist\parser.js:287:98)
      at Parser.handlePacket (C:\Users\Admin\Desktop\masongit\mason-api\node_modules\pg-protocol\dist\parser.js:126:29)
      at Parser.parse (C:\Users\Admin\Desktop\masongit\mason-api\node_modules\pg-protocol\dist\parser.js:39:38)
      at TLSSocket.<anonymous> (C:\Users\Admin\Desktop\masongit\mason-api\node_modules\pg-protocol\dist\index.js:11:42)
      at TLSSocket.emit (node:events:519:28)
      at addChunk (node:internal/streams/readable:559:12)
      at readableAddChunkPushByteMode (node:internal/streams/readable:510:3)
      at Readable.push (node:internal/streams/readable:390:5)
      at TLSWrap.onStreamRead (node:internal/stream_base_commons:191:23) {
    length: 90,
    severity: 'ERROR',
    code: '42601',
    detail: undefined,
    hint: undefined,
    position: '17',
    internalPosition: undefined,
    internalQuery: undefined,
    where: undefined,
    schema: undefined,
    table: undefined,
    column: undefined,
    dataType: undefined,
    constraint: undefined,
    file: 'scan.l',
    line: '1180',
    routine: 'scanner_yyerror'
  },
  level: 'error',
  timestamp: '2024-11-12T12:04:36.081Z'
}
{
  message: 'Some error occurred while retrieving order items',
  details: error: syntax error at or near "WHERE"
      at Parser.parseErrorMessage (C:\Users\Admin\Desktop\masongit\mason-api\node_modules\pg-protocol\dist\parser.js:287:98)
      at Parser.handlePacket (C:\Users\Admin\Desktop\masongit\mason-api\node_modules\pg-protocol\dist\parser.js:126:29)
      at Parser.parse (C:\Users\Admin\Desktop\masongit\mason-api\node_modules\pg-protocol\dist\parser.js:39:38)
      at TLSSocket.<anonymous> (C:\Users\Admin\Desktop\masongit\mason-api\node_modules\pg-protocol\dist\index.js:11:42)
      at TLSSocket.emit (node:events:519:28)
      at addChunk (node:internal/streams/readable:559:12)
      at readableAddChunkPushByteMode (node:internal/streams/readable:510:3)
      at Readable.push (node:internal/streams/readable:390:5)
      at TLSWrap.onStreamRead (node:internal/stream_base_commons:191:23) {
    length: 95,
    severity: 'ERROR',
    code: '42601',
    detail: undefined,
    hint: undefined,
    position: '334',
    internalPosition: undefined,
    internalQuery: undefined,
    where: undefined,
    schema: undefined,
    table: undefined,
    column: undefined,
    dataType: undefined,
    constraint: undefined,
    file: 'scan.l',
    line: '1180',
    routine: 'scanner_yyerror'
  },
  level: 'error',
  timestamp: '2024-11-18T06:06:15.501Z'
}
{
  message: 'Some error occurred while retrieving order items',
  details: error: syntax error at or near "WHERE"
      at Parser.parseErrorMessage (C:\Users\Admin\Desktop\masongit\mason-api\node_modules\pg-protocol\dist\parser.js:287:98)
      at Parser.handlePacket (C:\Users\Admin\Desktop\masongit\mason-api\node_modules\pg-protocol\dist\parser.js:126:29)
      at Parser.parse (C:\Users\Admin\Desktop\masongit\mason-api\node_modules\pg-protocol\dist\parser.js:39:38)
      at TLSSocket.<anonymous> (C:\Users\Admin\Desktop\masongit\mason-api\node_modules\pg-protocol\dist\index.js:11:42)
      at TLSSocket.emit (node:events:519:28)
      at addChunk (node:internal/streams/readable:559:12)
      at readableAddChunkPushByteMode (node:internal/streams/readable:510:3)
      at Readable.push (node:internal/streams/readable:390:5)
      at TLSWrap.onStreamRead (node:internal/stream_base_commons:191:23) {
    length: 95,
    severity: 'ERROR',
    code: '42601',
    detail: undefined,
    hint: undefined,
    position: '334',
    internalPosition: undefined,
    internalQuery: undefined,
    where: undefined,
    schema: undefined,
    table: undefined,
    column: undefined,
    dataType: undefined,
    constraint: undefined,
    file: 'scan.l',
    line: '1180',
    routine: 'scanner_yyerror'
  },
  level: 'error',
  timestamp: '2024-11-18T06:06:33.453Z'
}
{
  message: 'Some error occurred while retrieving order items',
  details: error: syntax error at or near "WHERE"
      at Parser.parseErrorMessage (C:\Users\Admin\Desktop\masongit\mason-api\node_modules\pg-protocol\dist\parser.js:287:98)
      at Parser.handlePacket (C:\Users\Admin\Desktop\masongit\mason-api\node_modules\pg-protocol\dist\parser.js:126:29)
      at Parser.parse (C:\Users\Admin\Desktop\masongit\mason-api\node_modules\pg-protocol\dist\parser.js:39:38)
      at TLSSocket.<anonymous> (C:\Users\Admin\Desktop\masongit\mason-api\node_modules\pg-protocol\dist\index.js:11:42)
      at TLSSocket.emit (node:events:519:28)
      at addChunk (node:internal/streams/readable:559:12)
      at readableAddChunkPushByteMode (node:internal/streams/readable:510:3)
      at Readable.push (node:internal/streams/readable:390:5)
      at TLSWrap.onStreamRead (node:internal/stream_base_commons:191:23) {
    length: 95,
    severity: 'ERROR',
    code: '42601',
    detail: undefined,
    hint: undefined,
    position: '334',
    internalPosition: undefined,
    internalQuery: undefined,
    where: undefined,
    schema: undefined,
    table: undefined,
    column: undefined,
    dataType: undefined,
    constraint: undefined,
    file: 'scan.l',
    line: '1180',
    routine: 'scanner_yyerror'
  },
  level: 'error',
  timestamp: '2024-11-18T06:14:39.252Z'
}
{
  message: 'Some error occurred while retrieving order items',
  details: error: syntax error at or near "WHERE"
      at Parser.parseErrorMessage (C:\Users\Admin\Desktop\masongit\mason-api\node_modules\pg-protocol\dist\parser.js:287:98)
      at Parser.handlePacket (C:\Users\Admin\Desktop\masongit\mason-api\node_modules\pg-protocol\dist\parser.js:126:29)
      at Parser.parse (C:\Users\Admin\Desktop\masongit\mason-api\node_modules\pg-protocol\dist\parser.js:39:38)
      at TLSSocket.<anonymous> (C:\Users\Admin\Desktop\masongit\mason-api\node_modules\pg-protocol\dist\index.js:11:42)
      at TLSSocket.emit (node:events:519:28)
      at addChunk (node:internal/streams/readable:559:12)
      at readableAddChunkPushByteMode (node:internal/streams/readable:510:3)
      at Readable.push (node:internal/streams/readable:390:5)
      at TLSWrap.onStreamRead (node:internal/stream_base_commons:191:23) {
    length: 95,
    severity: 'ERROR',
    code: '42601',
    detail: undefined,
    hint: undefined,
    position: '332',
    internalPosition: undefined,
    internalQuery: undefined,
    where: undefined,
    schema: undefined,
    table: undefined,
    column: undefined,
    dataType: undefined,
    constraint: undefined,
    file: 'scan.l',
    line: '1180',
    routine: 'scanner_yyerror'
  },
  level: 'error',
  timestamp: '2024-11-18T10:49:52.704Z'
}
{
  message: 'Some error occurred while retrieving order items',
  details: error: syntax error at or near "WHERE"
      at Parser.parseErrorMessage (C:\Users\Admin\Desktop\masongit\mason-api\node_modules\pg-protocol\dist\parser.js:287:98)
      at Parser.handlePacket (C:\Users\Admin\Desktop\masongit\mason-api\node_modules\pg-protocol\dist\parser.js:126:29)
      at Parser.parse (C:\Users\Admin\Desktop\masongit\mason-api\node_modules\pg-protocol\dist\parser.js:39:38)
      at TLSSocket.<anonymous> (C:\Users\Admin\Desktop\masongit\mason-api\node_modules\pg-protocol\dist\index.js:11:42)
      at TLSSocket.emit (node:events:519:28)
      at addChunk (node:internal/streams/readable:559:12)
      at readableAddChunkPushByteMode (node:internal/streams/readable:510:3)
      at Readable.push (node:internal/streams/readable:390:5)
      at TLSWrap.onStreamRead (node:internal/stream_base_commons:191:23) {
    length: 95,
    severity: 'ERROR',
    code: '42601',
    detail: undefined,
    hint: undefined,
    position: '332',
    internalPosition: undefined,
    internalQuery: undefined,
    where: undefined,
    schema: undefined,
    table: undefined,
    column: undefined,
    dataType: undefined,
    constraint: undefined,
    file: 'scan.l',
    line: '1180',
    routine: 'scanner_yyerror'
  },
  level: 'error',
  timestamp: '2024-11-18T10:51:07.708Z'
}
{
  message: 'Some error occurred while retrieving order items',
  details: Error: getaddrinfo ENOTFOUND mason-db-server.postgres.database.azure.com
      at GetAddrInfoReqWrap.onlookupall [as oncomplete] (node:dns:120:26) {
    errno: -3008,
    code: 'ENOTFOUND',
    syscall: 'getaddrinfo',
    hostname: 'mason-db-server.postgres.database.azure.com'
  },
  level: 'error',
  timestamp: '2024-11-19T08:13:29.868Z'
}
{
  message: 'Some error occurred while retrieving order items',
  details: error: invalid input syntax for type bigint: "undefined"
      at Parser.parseErrorMessage (C:\Users\Admin\Desktop\masongit\mason-api\node_modules\pg-protocol\dist\parser.js:287:98)
      at Parser.handlePacket (C:\Users\Admin\Desktop\masongit\mason-api\node_modules\pg-protocol\dist\parser.js:126:29)
      at Parser.parse (C:\Users\Admin\Desktop\masongit\mason-api\node_modules\pg-protocol\dist\parser.js:39:38)
      at TLSSocket.<anonymous> (C:\Users\Admin\Desktop\masongit\mason-api\node_modules\pg-protocol\dist\index.js:11:42)
      at TLSSocket.emit (node:events:519:28)
      at addChunk (node:internal/streams/readable:559:12)
      at readableAddChunkPushByteMode (node:internal/streams/readable:510:3)
      at Readable.push (node:internal/streams/readable:390:5)
      at TLSWrap.onStreamRead (node:internal/stream_base_commons:191:23) {
    length: 137,
    severity: 'ERROR',
    code: '22P02',
    detail: undefined,
    hint: undefined,
    position: undefined,
    internalPosition: undefined,
    internalQuery: undefined,
    where: "unnamed portal parameter $1 = '...'",
    schema: undefined,
    table: undefined,
    column: undefined,
    dataType: undefined,
    constraint: undefined,
    file: 'int8.c',
    line: '127',
    routine: 'scanint8'
  },
  level: 'error',
  timestamp: '2024-11-21T16:07:02.485Z'
}
{
  message: 'Some error occurred while retrieving order items',
  details: error: invalid input syntax for type bigint: "undefined"
      at Parser.parseErrorMessage (C:\Users\Admin\Desktop\masongit\mason-api\node_modules\pg-protocol\dist\parser.js:287:98)
      at Parser.handlePacket (C:\Users\Admin\Desktop\masongit\mason-api\node_modules\pg-protocol\dist\parser.js:126:29)
      at Parser.parse (C:\Users\Admin\Desktop\masongit\mason-api\node_modules\pg-protocol\dist\parser.js:39:38)
      at TLSSocket.<anonymous> (C:\Users\Admin\Desktop\masongit\mason-api\node_modules\pg-protocol\dist\index.js:11:42)
      at TLSSocket.emit (node:events:519:28)
      at addChunk (node:internal/streams/readable:559:12)
      at readableAddChunkPushByteMode (node:internal/streams/readable:510:3)
      at Readable.push (node:internal/streams/readable:390:5)
      at TLSWrap.onStreamRead (node:internal/stream_base_commons:191:23) {
    length: 137,
    severity: 'ERROR',
    code: '22P02',
    detail: undefined,
    hint: undefined,
    position: undefined,
    internalPosition: undefined,
    internalQuery: undefined,
    where: "unnamed portal parameter $1 = '...'",
    schema: undefined,
    table: undefined,
    column: undefined,
    dataType: undefined,
    constraint: undefined,
    file: 'int8.c',
    line: '127',
    routine: 'scanint8'
  },
  level: 'error',
  timestamp: '2024-11-21T16:07:04.029Z'
}
{
  message: 'Some error occurred while retrieving order items',
  details: error: invalid input syntax for type bigint: "undefined"
      at Parser.parseErrorMessage (C:\Users\Admin\Desktop\masongit\mason-api\node_modules\pg-protocol\dist\parser.js:287:98)
      at Parser.handlePacket (C:\Users\Admin\Desktop\masongit\mason-api\node_modules\pg-protocol\dist\parser.js:126:29)
      at Parser.parse (C:\Users\Admin\Desktop\masongit\mason-api\node_modules\pg-protocol\dist\parser.js:39:38)
      at TLSSocket.<anonymous> (C:\Users\Admin\Desktop\masongit\mason-api\node_modules\pg-protocol\dist\index.js:11:42)
      at TLSSocket.emit (node:events:519:28)
      at addChunk (node:internal/streams/readable:559:12)
      at readableAddChunkPushByteMode (node:internal/streams/readable:510:3)
      at Readable.push (node:internal/streams/readable:390:5)
      at TLSWrap.onStreamRead (node:internal/stream_base_commons:191:23) {
    length: 137,
    severity: 'ERROR',
    code: '22P02',
    detail: undefined,
    hint: undefined,
    position: undefined,
    internalPosition: undefined,
    internalQuery: undefined,
    where: "unnamed portal parameter $1 = '...'",
    schema: undefined,
    table: undefined,
    column: undefined,
    dataType: undefined,
    constraint: undefined,
    file: 'int8.c',
    line: '127',
    routine: 'scanint8'
  },
  level: 'error',
  timestamp: '2024-11-21T16:08:00.521Z'
}
{
  message: 'Some error occurred while retrieving order items',
  details: error: invalid input syntax for type bigint: "undefined"
      at Parser.parseErrorMessage (C:\Users\Admin\Desktop\masongit\mason-api\node_modules\pg-protocol\dist\parser.js:287:98)
      at Parser.handlePacket (C:\Users\Admin\Desktop\masongit\mason-api\node_modules\pg-protocol\dist\parser.js:126:29)
      at Parser.parse (C:\Users\Admin\Desktop\masongit\mason-api\node_modules\pg-protocol\dist\parser.js:39:38)
      at TLSSocket.<anonymous> (C:\Users\Admin\Desktop\masongit\mason-api\node_modules\pg-protocol\dist\index.js:11:42)
      at TLSSocket.emit (node:events:519:28)
      at addChunk (node:internal/streams/readable:559:12)
      at readableAddChunkPushByteMode (node:internal/streams/readable:510:3)
      at Readable.push (node:internal/streams/readable:390:5)
      at TLSWrap.onStreamRead (node:internal/stream_base_commons:191:23) {
    length: 137,
    severity: 'ERROR',
    code: '22P02',
    detail: undefined,
    hint: undefined,
    position: undefined,
    internalPosition: undefined,
    internalQuery: undefined,
    where: "unnamed portal parameter $1 = '...'",
    schema: undefined,
    table: undefined,
    column: undefined,
    dataType: undefined,
    constraint: undefined,
    file: 'int8.c',
    line: '127',
    routine: 'scanint8'
  },
  level: 'error',
  timestamp: '2024-11-27T10:10:51.698Z'
}
{
  message: 'Some error occurred while retrieving order items',
  details: error: invalid input syntax for type bigint: "undefined"
      at Parser.parseErrorMessage (C:\Users\Admin\Desktop\masongit\mason-api\node_modules\pg-protocol\dist\parser.js:287:98)
      at Parser.handlePacket (C:\Users\Admin\Desktop\masongit\mason-api\node_modules\pg-protocol\dist\parser.js:126:29)
      at Parser.parse (C:\Users\Admin\Desktop\masongit\mason-api\node_modules\pg-protocol\dist\parser.js:39:38)
      at TLSSocket.<anonymous> (C:\Users\Admin\Desktop\masongit\mason-api\node_modules\pg-protocol\dist\index.js:11:42)
      at TLSSocket.emit (node:events:519:28)
      at addChunk (node:internal/streams/readable:559:12)
      at readableAddChunkPushByteMode (node:internal/streams/readable:510:3)
      at Readable.push (node:internal/streams/readable:390:5)
      at TLSWrap.onStreamRead (node:internal/stream_base_commons:191:23) {
    length: 137,
    severity: 'ERROR',
    code: '22P02',
    detail: undefined,
    hint: undefined,
    position: undefined,
    internalPosition: undefined,
    internalQuery: undefined,
    where: "unnamed portal parameter $1 = '...'",
    schema: undefined,
    table: undefined,
    column: undefined,
    dataType: undefined,
    constraint: undefined,
    file: 'int8.c',
    line: '127',
    routine: 'scanint8'
  },
  level: 'error',
  timestamp: '2024-11-27T10:13:41.201Z'
}
{
  message: 'Some error occurred while retrieving order items',
  details: error: invalid input syntax for type bigint: "undefined"
      at Parser.parseErrorMessage (C:\Users\Admin\Desktop\masongit\mason-api\node_modules\pg-protocol\dist\parser.js:287:98)
      at Parser.handlePacket (C:\Users\Admin\Desktop\masongit\mason-api\node_modules\pg-protocol\dist\parser.js:126:29)
      at Parser.parse (C:\Users\Admin\Desktop\masongit\mason-api\node_modules\pg-protocol\dist\parser.js:39:38)
      at TLSSocket.<anonymous> (C:\Users\Admin\Desktop\masongit\mason-api\node_modules\pg-protocol\dist\index.js:11:42)
      at TLSSocket.emit (node:events:519:28)
      at addChunk (node:internal/streams/readable:559:12)
      at readableAddChunkPushByteMode (node:internal/streams/readable:510:3)
      at Readable.push (node:internal/streams/readable:390:5)
      at TLSWrap.onStreamRead (node:internal/stream_base_commons:191:23) {
    length: 137,
    severity: 'ERROR',
    code: '22P02',
    detail: undefined,
    hint: undefined,
    position: undefined,
    internalPosition: undefined,
    internalQuery: undefined,
    where: "unnamed portal parameter $1 = '...'",
    schema: undefined,
    table: undefined,
    column: undefined,
    dataType: undefined,
    constraint: undefined,
    file: 'int8.c',
    line: '127',
    routine: 'scanint8'
  },
  level: 'error',
  timestamp: '2024-11-27T10:18:03.752Z'
}
{
  message: 'Some error occurred while retrieving order items',
  details: error: syntax error at or near "AS"
      at Parser.parseErrorMessage (C:\Users\Admin\Desktop\masongit\mason-api\node_modules\pg-protocol\dist\parser.js:287:98)
      at Parser.handlePacket (C:\Users\Admin\Desktop\masongit\mason-api\node_modules\pg-protocol\dist\parser.js:126:29)
      at Parser.parse (C:\Users\Admin\Desktop\masongit\mason-api\node_modules\pg-protocol\dist\parser.js:39:38)
      at TLSSocket.<anonymous> (C:\Users\Admin\Desktop\masongit\mason-api\node_modules\pg-protocol\dist\index.js:11:42)
      at TLSSocket.emit (node:events:519:28)
      at addChunk (node:internal/streams/readable:559:12)
      at readableAddChunkPushByteMode (node:internal/streams/readable:510:3)
      at Readable.push (node:internal/streams/readable:390:5)
      at TLSWrap.onStreamRead (node:internal/stream_base_commons:191:23) {
    length: 92,
    severity: 'ERROR',
    code: '42601',
    detail: undefined,
    hint: undefined,
    position: '316',
    internalPosition: undefined,
    internalQuery: undefined,
    where: undefined,
    schema: undefined,
    table: undefined,
    column: undefined,
    dataType: undefined,
    constraint: undefined,
    file: 'scan.l',
    line: '1180',
    routine: 'scanner_yyerror'
  },
  level: 'error',
  timestamp: '2024-12-03T07:25:44.820Z'
}
{
  message: 'Some error occurred while retrieving order items',
  details: error: syntax error at or near "o"
      at Parser.parseErrorMessage (C:\Users\Admin\Desktop\masongit\mason-api\node_modules\pg-protocol\dist\parser.js:287:98)
      at Parser.handlePacket (C:\Users\Admin\Desktop\masongit\mason-api\node_modules\pg-protocol\dist\parser.js:126:29)
      at Parser.parse (C:\Users\Admin\Desktop\masongit\mason-api\node_modules\pg-protocol\dist\parser.js:39:38)
      at TLSSocket.<anonymous> (C:\Users\Admin\Desktop\masongit\mason-api\node_modules\pg-protocol\dist\index.js:11:42)
      at TLSSocket.emit (node:events:519:28)
      at addChunk (node:internal/streams/readable:559:12)
      at readableAddChunkPushByteMode (node:internal/streams/readable:510:3)
      at Readable.push (node:internal/streams/readable:390:5)
      at TLSWrap.onStreamRead (node:internal/stream_base_commons:191:23) {
    length: 89,
    severity: 'ERROR',
    code: '42601',
    detail: undefined,
    hint: undefined,
    position: '1',
    internalPosition: undefined,
    internalQuery: undefined,
    where: undefined,
    schema: undefined,
    table: undefined,
    column: undefined,
    dataType: undefined,
    constraint: undefined,
    file: 'scan.l',
    line: '1180',
    routine: 'scanner_yyerror'
  },
  level: 'error',
  timestamp: '2024-12-03T09:14:08.363Z'
}
{
  message: 'Some error occurred while retrieving order items',
  details: error: syntax error at or near "LEFT"
      at Parser.parseErrorMessage (C:\Users\Admin\Desktop\masongit\mason-api\node_modules\pg-protocol\dist\parser.js:287:98)
      at Parser.handlePacket (C:\Users\Admin\Desktop\masongit\mason-api\node_modules\pg-protocol\dist\parser.js:126:29)
      at Parser.parse (C:\Users\Admin\Desktop\masongit\mason-api\node_modules\pg-protocol\dist\parser.js:39:38)
      at TLSSocket.<anonymous> (C:\Users\Admin\Desktop\masongit\mason-api\node_modules\pg-protocol\dist\index.js:11:42)
      at TLSSocket.emit (node:events:519:28)
      at addChunk (node:internal/streams/readable:559:12)
      at readableAddChunkPushByteMode (node:internal/streams/readable:510:3)
      at Readable.push (node:internal/streams/readable:390:5)
      at TLSWrap.onStreamRead (node:internal/stream_base_commons:191:23) {
    length: 94,
    severity: 'ERROR',
    code: '42601',
    detail: undefined,
    hint: undefined,
    position: '357',
    internalPosition: undefined,
    internalQuery: undefined,
    where: undefined,
    schema: undefined,
    table: undefined,
    column: undefined,
    dataType: undefined,
    constraint: undefined,
    file: 'scan.l',
    line: '1180',
    routine: 'scanner_yyerror'
  },
  level: 'error',
  timestamp: '2024-12-03T10:03:14.220Z'
}
{
  message: 'Some error occurred while retrieving order items',
  details: error: syntax error at or near "t"
      at Parser.parseErrorMessage (C:\Users\Admin\Desktop\masongit\mason-api\node_modules\pg-protocol\dist\parser.js:287:98)
      at Parser.handlePacket (C:\Users\Admin\Desktop\masongit\mason-api\node_modules\pg-protocol\dist\parser.js:126:29)
      at Parser.parse (C:\Users\Admin\Desktop\masongit\mason-api\node_modules\pg-protocol\dist\parser.js:39:38)
      at TLSSocket.<anonymous> (C:\Users\Admin\Desktop\masongit\mason-api\node_modules\pg-protocol\dist\index.js:11:42)
      at TLSSocket.emit (node:events:519:28)
      at addChunk (node:internal/streams/readable:559:12)
      at readableAddChunkPushByteMode (node:internal/streams/readable:510:3)
      at Readable.push (node:internal/streams/readable:390:5)
      at TLSWrap.onStreamRead (node:internal/stream_base_commons:191:23) {
    length: 89,
    severity: 'ERROR',
    code: '42601',
    detail: undefined,
    hint: undefined,
    position: '1',
    internalPosition: undefined,
    internalQuery: undefined,
    where: undefined,
    schema: undefined,
    table: undefined,
    column: undefined,
    dataType: undefined,
    constraint: undefined,
    file: 'scan.l',
    line: '1180',
    routine: 'scanner_yyerror'
  },
  level: 'error',
  timestamp: '2024-12-03T10:06:55.761Z'
}
{
  message: 'Some error occurred while retrieving order items',
  details: error: argument of AND must be type boolean, not type bigint
      at Parser.parseErrorMessage (C:\Users\Admin\Desktop\masongit\mason-api\node_modules\pg-protocol\dist\parser.js:287:98)
      at Parser.handlePacket (C:\Users\Admin\Desktop\masongit\mason-api\node_modules\pg-protocol\dist\parser.js:126:29)
      at Parser.parse (C:\Users\Admin\Desktop\masongit\mason-api\node_modules\pg-protocol\dist\parser.js:39:38)
      at TLSSocket.<anonymous> (C:\Users\Admin\Desktop\masongit\mason-api\node_modules\pg-protocol\dist\index.js:11:42)
      at TLSSocket.emit (node:events:519:28)
      at addChunk (node:internal/streams/readable:559:12)
      at readableAddChunkPushByteMode (node:internal/streams/readable:510:3)
      at Readable.push (node:internal/streams/readable:390:5)
      at TLSWrap.onStreamRead (node:internal/stream_base_commons:191:23) {
    length: 127,
    severity: 'ERROR',
    code: '42804',
    detail: undefined,
    hint: undefined,
    position: '591',
    internalPosition: undefined,
    internalQuery: undefined,
    where: undefined,
    schema: undefined,
    table: undefined,
    column: undefined,
    dataType: undefined,
    constraint: undefined,
    file: 'parse_coerce.c',
    line: '1184',
    routine: 'coerce_to_boolean'
  },
  level: 'error',
  timestamp: '2024-12-03T10:34:19.591Z'
}
{
  message: 'Some error occurred while retrieving order items',
  details: error: syntax error at or near ")"
      at Parser.parseErrorMessage (C:\Users\Admin\Desktop\masongit\mason-api\node_modules\pg-protocol\dist\parser.js:287:98)
      at Parser.handlePacket (C:\Users\Admin\Desktop\masongit\mason-api\node_modules\pg-protocol\dist\parser.js:126:29)
      at Parser.parse (C:\Users\Admin\Desktop\masongit\mason-api\node_modules\pg-protocol\dist\parser.js:39:38)
      at TLSSocket.<anonymous> (C:\Users\Admin\Desktop\masongit\mason-api\node_modules\pg-protocol\dist\index.js:11:42)
      at TLSSocket.emit (node:events:519:28)
      at addChunk (node:internal/streams/readable:559:12)
      at readableAddChunkPushByteMode (node:internal/streams/readable:510:3)
      at Readable.push (node:internal/streams/readable:390:5)
      at TLSWrap.onStreamRead (node:internal/stream_base_commons:191:23) {
    length: 91,
    severity: 'ERROR',
    code: '42601',
    detail: undefined,
    hint: undefined,
    position: '621',
    internalPosition: undefined,
    internalQuery: undefined,
    where: undefined,
    schema: undefined,
    table: undefined,
    column: undefined,
    dataType: undefined,
    constraint: undefined,
    file: 'scan.l',
    line: '1180',
    routine: 'scanner_yyerror'
  },
  level: 'error',
  timestamp: '2024-12-03T10:45:32.489Z'
}
{
  message: 'Some error occurred while retrieving Orders.',
  details: TypeError: crypto.createHmac is not a function
      at exports.postres (C:\Users\Admin\Desktop\masongit\mason-api\controllers\order.controller.js:126:28)
      at Layer.handle [as handle_request] (C:\Users\Admin\Desktop\masongit\mason-api\node_modules\express\lib\router\layer.js:95:5)
      at next (C:\Users\Admin\Desktop\masongit\mason-api\node_modules\express\lib\router\route.js:144:13)
      at Route.dispatch (C:\Users\Admin\Desktop\masongit\mason-api\node_modules\express\lib\router\route.js:114:3)
      at Layer.handle [as handle_request] (C:\Users\Admin\Desktop\masongit\mason-api\node_modules\express\lib\router\layer.js:95:5)
      at C:\Users\Admin\Desktop\masongit\mason-api\node_modules\express\lib\router\index.js:284:15
      at Function.process_params (C:\Users\Admin\Desktop\masongit\mason-api\node_modules\express\lib\router\index.js:346:12)
      at next (C:\Users\Admin\Desktop\masongit\mason-api\node_modules\express\lib\router\index.js:280:10)
      at Function.handle (C:\Users\Admin\Desktop\masongit\mason-api\node_modules\express\lib\router\index.js:175:3)
      at router (C:\Users\Admin\Desktop\masongit\mason-api\node_modules\express\lib\router\index.js:47:12),
  level: 'error',
  timestamp: '2025-02-06T15:36:32.154Z'
}
{
  message: 'Some error occurred while retrieving Orders.',
  details: TypeError: crypto.createHmac is not a function
      at exports.postres (C:\Users\Admin\Desktop\masongit\mason-api\controllers\order.controller.js:126:28)
      at Layer.handle [as handle_request] (C:\Users\Admin\Desktop\masongit\mason-api\node_modules\express\lib\router\layer.js:95:5)
      at next (C:\Users\Admin\Desktop\masongit\mason-api\node_modules\express\lib\router\route.js:144:13)
      at Route.dispatch (C:\Users\Admin\Desktop\masongit\mason-api\node_modules\express\lib\router\route.js:114:3)
      at Layer.handle [as handle_request] (C:\Users\Admin\Desktop\masongit\mason-api\node_modules\express\lib\router\layer.js:95:5)
      at C:\Users\Admin\Desktop\masongit\mason-api\node_modules\express\lib\router\index.js:284:15
      at Function.process_params (C:\Users\Admin\Desktop\masongit\mason-api\node_modules\express\lib\router\index.js:346:12)
      at next (C:\Users\Admin\Desktop\masongit\mason-api\node_modules\express\lib\router\index.js:280:10)
      at Function.handle (C:\Users\Admin\Desktop\masongit\mason-api\node_modules\express\lib\router\index.js:175:3)
      at router (C:\Users\Admin\Desktop\masongit\mason-api\node_modules\express\lib\router\index.js:47:12),
  level: 'error',
  timestamp: '2025-02-06T15:42:49.308Z'
}
{
  message: 'Some error occurred while retrieving Orders.',
  details: Error: `payment_id` is mandatory
      at Object.fetch (C:\Users\Admin\Desktop\masongit\mason-api\node_modules\razorpay\dist\resources\payments.js:58:15)
      at exports.getByPaymentId (C:\Users\Admin\Desktop\masongit\mason-api\controllers\order.controller.js:159:49)
      at Layer.handle [as handle_request] (C:\Users\Admin\Desktop\masongit\mason-api\node_modules\express\lib\router\layer.js:95:5)
      at next (C:\Users\Admin\Desktop\masongit\mason-api\node_modules\express\lib\router\route.js:144:13)
      at Route.dispatch (C:\Users\Admin\Desktop\masongit\mason-api\node_modules\express\lib\router\route.js:114:3)
      at Layer.handle [as handle_request] (C:\Users\Admin\Desktop\masongit\mason-api\node_modules\express\lib\router\layer.js:95:5)
      at C:\Users\Admin\Desktop\masongit\mason-api\node_modules\express\lib\router\index.js:284:15
      at param (C:\Users\Admin\Desktop\masongit\mason-api\node_modules\express\lib\router\index.js:365:14)
      at param (C:\Users\Admin\Desktop\masongit\mason-api\node_modules\express\lib\router\index.js:376:14)
      at Function.process_params (C:\Users\Admin\Desktop\masongit\mason-api\node_modules\express\lib\router\index.js:421:3),
  level: 'error',
  timestamp: '2025-02-06T16:25:42.743Z'
}
{
  message: 'Some error occurred while retrieving Orders.',
  details: Error: `payment_id` is mandatory
      at Object.fetch (C:\Users\Admin\Desktop\masongit\mason-api\node_modules\razorpay\dist\resources\payments.js:58:15)
      at exports.getByPaymentId (C:\Users\Admin\Desktop\masongit\mason-api\controllers\order.controller.js:159:49)
      at Layer.handle [as handle_request] (C:\Users\Admin\Desktop\masongit\mason-api\node_modules\express\lib\router\layer.js:95:5)
      at next (C:\Users\Admin\Desktop\masongit\mason-api\node_modules\express\lib\router\route.js:144:13)
      at Route.dispatch (C:\Users\Admin\Desktop\masongit\mason-api\node_modules\express\lib\router\route.js:114:3)
      at Layer.handle [as handle_request] (C:\Users\Admin\Desktop\masongit\mason-api\node_modules\express\lib\router\layer.js:95:5)
      at C:\Users\Admin\Desktop\masongit\mason-api\node_modules\express\lib\router\index.js:284:15
      at param (C:\Users\Admin\Desktop\masongit\mason-api\node_modules\express\lib\router\index.js:365:14)
      at param (C:\Users\Admin\Desktop\masongit\mason-api\node_modules\express\lib\router\index.js:376:14)
      at Function.process_params (C:\Users\Admin\Desktop\masongit\mason-api\node_modules\express\lib\router\index.js:421:3),
  level: 'error',
  timestamp: '2025-02-06T16:34:20.627Z'
}
{
  message: 'Some error occurred while retrieving Orders.',
  details: {
    statusCode: 400,
    error: {
      code: 'BAD_REQUEST_ERROR',
      description: 'The amount must be an integer.',
      metadata: {},
      reason: 'input_validation_failed',
      source: 'business',
      step: 'payment_initiation'
    }
  },
  level: 'error',
  timestamp: '2025-02-20T09:04:30.532Z'
}
{
  message: 'Some error occurred while retrieving Orders.',
  details: {
    statusCode: 400,
    error: {
      code: 'BAD_REQUEST_ERROR',
      description: 'The amount must be an integer.',
      metadata: {},
      reason: 'input_validation_failed',
      source: 'business',
      step: 'payment_initiation'
    }
  },
  level: 'error',
  timestamp: '2025-02-20T09:06:49.316Z'
}
{
  message: 'Some error occurred while retrieving Orders.',
  details: {
    statusCode: 400,
    error: {
      code: 'BAD_REQUEST_ERROR',
      description: 'The amount must be an integer.',
      metadata: {},
      reason: 'input_validation_failed',
      source: 'business',
      step: 'payment_initiation'
    }
  },
  level: 'error',
  timestamp: '2025-02-20T09:07:52.583Z'
}
